[pro-wel1.netlify.app/index5948.html]
[backblue.gif]
[fade.gif]
[index.html]
[cdn.jsdelivr.net/npm/bootstrap@4.5.3/dist/css/bootstrap.min.css]
[maxcdn.bootstrapcdn.com/font-awesome/4.5.0/css/font-awesome.min.css]
[pro-wel1.netlify.app/blives.xyz/index.2.delayed]
[pro-wel1.netlify.app/boblives.css]
[cdnjs.cloudflare.com/ajax/libs/font-awesome/4.7.0/css/font-awesome.min.css]
[cdn.jsdelivr.net/npm/bootstrap@5.2.0-beta1/dist/css/bootstrap.min.css]
[code.jquery.com/jquery-3.5.1.min.js]
[cdn.jsdelivr.net/npm/bootstrap@4.5.3/dist/js/bootstrap.min.js]
[pro-wel1.netlify.app/img/logos.png]
[pro-wel1.netlify.app/index.html]
[pro-wel1.netlify.app/blog.html]
[pro-wel1.netlify.app/about.html]
[pro-wel1.netlify.app/img/rush.gif]
[pro-wel1.netlify.app/img/catheter.jpg]
[pro-wel1.netlify.app/img/prowel.jpeg]
[pro-wel1.netlify.app/img/whatsapp.png]
[pro-wel1.netlify.app/img/ba.png]
[pro-wel1.netlify.app/img/herbs.png]
[pro-wel1.netlify.app/img/bat.png]
[pro-wel1.netlify.app/img/batu.png]
[pro-wel1.netlify.app/img/batun.png]
[pro-wel1.netlify.app/img/batund.png]
[pro-wel1.netlify.app/img/batunde.png]
[pro-wel1.netlify.app/img/batundee.png]
[pro-wel1.netlify.app/img/batundeem.png]
[pro-wel1.netlify.app/img/free-shipping.png]
[pro-wel1.netlify.app/img/fib.jpg]
[pro-wel1.netlify.app/img/tfake.jpg]
[pro-wel1.netlify.app/img/police.png]
[pro-wel1.netlify.app/img/haruna.jpg]
[pro-wel1.netlify.app/img/bp1.png]
[pro-wel1.netlify.app/img/bp2.png]
[pro-wel1.netlify.app/img/person2.jpg]
[pro-wel1.netlify.app/img/person4.jpg]
[pro-wel1.netlify.app/img/punch.png]
[pro-wel1.netlify.app/img/sample.jpg]
[pro-wel1.netlify.app/bloge.html]
[pro-wel1.netlify.app/blogr.24.delayed]
[pro-wel1.netlify.app/blogc.25.delayed]
[pro-wel1.netlify.app/blogd.26.delayed]
[pro-wel1.netlify.app/blogf.html]
[pro-wel1.netlify.app/img/ripped.28.delayed]
[pro-wel1.netlify.app/img/stamp.29.delayed]
[pro-wel1.netlify.app/yourscript.js]
[pro-wel1.netlify.app/index5948.html]
[cdn.jsdelivr.net/npm/bootstrap@4.5.3/dist/css/bootstrap.min.css]
[maxcdn.bootstrapcdn.com/font-awesome/4.5.0/css/font-awesome.min.css]
[pro-wel1.netlify.app/blives.xyz/index.html]
[pro-wel1.netlify.app/boblives.css]
[cdnjs.cloudflare.com/ajax/libs/font-awesome/4.7.0/css/font-awesome.min.css]
[cdn.jsdelivr.net/npm/bootstrap@5.2.0-beta1/dist/css/bootstrap.min.css]
[pro-wel1.netlify.app/index.html]
[pro-wel1.netlify.app/blives.xyz/blog.2b.delayed]
[pro-wel1.netlify.app/blog.html]
[pro-wel1.netlify.app/blives.css]
[pro-wel1.netlify.app/blives.xyz/about.2d.delayed]
[pro-wel1.netlify.app/about.html]
[pro-wel1.netlify.app/blives.xyz/bloge.2e.delayed]
[pro-wel1.netlify.app/blog.blives.30.delayed]
[pro-wel1.netlify.app/bloge.html]
[pro-wel1.netlify.app/blogr.html]
[pro-wel1.netlify.app/blogc.html]
[pro-wel1.netlify.app/blogd.html]
[pro-wel1.netlify.app/blogf.html]
[pro-wel1.netlify.app/img/ripped.html]
[pro-wel1.netlify.app/img/stamp.html]
[pro-wel1.netlify.app/blives.xyz/blog.html]
[pro-wel1.netlify.app/blives.css]
[pro-wel1.netlify.app/blives.xyz/about.html]
[pro-wel1.netlify.app/blives.xyz/bloge.html]
[pro-wel1.netlify.app/blog.blives.html]
